# JRE version: OpenJDK Runtime Environment Microsoft-8035246 (17.0.8+7) (build 17.0.8+7-LTS)
# Java VM: OpenJDK 64-Bit Server VM Microsoft-8035246 (17.0.8+7-LTS, mixed mode, sharing, tiered, compressed oops, compressed class ptrs, g1 gc, windows-amd64)
GC Precious Log:
 CPUs: 4 total, 4 available
 Memory: 8107M
 Large Page Support: Disabled
 NUMA Support: Disabled
 Compressed Oops: Enabled (32-bit)
 Heap Region Size: 1M
 Heap Min Capacity: 8M
 Heap Initial Capacity: 128M
 Heap Max Capacity: 2G
 Pre-touch: Disabled
 Parallel Workers: 4
 Concurrent Workers: 1
 Concurrent Refinement Workers: 4
 Periodic GC: Disabled
Heap:
 garbage-first heap   total 324608K, used 199680K [0x0000000080000000, 0x0000000100000000)
  region size 1024K, 12 young (12288K), 7 survivors (7168K)
 Metaspace       used 103411K, committed 104576K, reserved 557056K
  class space    used 14444K, committed 14976K, reserved 425984K
GC Heap History (20 events):
Event: 171.637 GC heap before
{Heap before GC invocations=78 (full 0):
 garbage-first heap   total 242688K, used 146089K [0x0000000080000000, 0x0000000100000000)
  region size 1024K, 11 young (11264K), 4 survivors (4096K)
 Metaspace       used 94161K, committed 95104K, reserved 557056K
  class space    used 13250K, committed 13696K, reserved 425984K
}
Event: 171.655 GC heap after
{Heap after GC invocations=79 (full 0):
 garbage-first heap   total 242688K, used 139375K [0x0000000080000000, 0x0000000100000000)
  region size 1024K, 1 young (1024K), 1 survivors (1024K)
 Metaspace       used 94161K, committed 95104K, reserved 557056K
  class space    used 13250K, committed 13696K, reserved 425984K
}
Event: 176.526 GC heap before
{Heap before GC invocations=79 (full 0):
 garbage-first heap   total 242688K, used 189551K [0x0000000080000000, 0x0000000100000000)
  region size 1024K, 50 young (51200K), 1 survivors (1024K)
 Metaspace       used 96116K, committed 97088K, reserved 557056K
  class space    used 13503K, committed 13952K, reserved 425984K
}
Event: 176.545 GC heap after
{Heap after GC invocations=80 (full 0):
 garbage-first heap   total 295936K, used 143840K [0x0000000080000000, 0x0000000100000000)
  region size 1024K, 6 young (6144K), 6 survivors (6144K)
 Metaspace       used 96116K, committed 97088K, reserved 557056K
  class space    used 13503K, committed 13952K, reserved 425984K
}
Event: 185.090 GC heap before
{Heap before GC invocations=80 (full 0):
 garbage-first heap   total 295936K, used 222688K [0x0000000080000000, 0x0000000100000000)
  region size 1024K, 83 young (84992K), 6 survivors (6144K)
 Metaspace       used 96441K, committed 97344K, reserved 557056K
  class space    used 13537K, committed 13952K, reserved 425984K
}
Event: 185.143 GC heap after
{Heap after GC invocations=81 (full 0):
 garbage-first heap   total 295936K, used 156834K [0x0000000080000000, 0x0000000100000000)
  region size 1024K, 11 young (11264K), 11 survivors (11264K)
 Metaspace       used 96441K, committed 97344K, reserved 557056K
  class space    used 13537K, committed 13952K, reserved 425984K
}
Event: 186.922 GC heap before
{Heap before GC invocations=81 (full 0):
 garbage-first heap   total 295936K, used 164002K [0x0000000080000000, 0x0000000100000000)
  region size 1024K, 19 young (19456K), 11 survivors (11264K)
 Metaspace       used 96508K, committed 97408K, reserved 557056K
  class space    used 13544K, committed 13952K, reserved 425984K
}
Event: 186.971 GC heap after
{Heap after GC invocations=82 (full 0):
 garbage-first heap   total 295936K, used 160489K [0x0000000080000000, 0x0000000100000000)
  region size 1024K, 3 young (3072K), 3 survivors (3072K)
 Metaspace       used 96508K, committed 97408K, reserved 557056K
  class space    used 13544K, committed 13952K, reserved 425984K
}
Event: 193.547 GC heap before
{Heap before GC invocations=83 (full 0):
 garbage-first heap   total 295936K, used 234217K [0x0000000080000000, 0x0000000100000000)
  region size 1024K, 74 young (75776K), 3 survivors (3072K)
 Metaspace       used 98590K, committed 99648K, reserved 557056K
  class space    used 13822K, committed 14272K, reserved 425984K
}
Event: 193.584 GC heap after
{Heap after GC invocations=84 (full 0):
 garbage-first heap   total 295936K, used 173546K [0x0000000080000000, 0x0000000100000000)
  region size 1024K, 10 young (10240K), 10 survivors (10240K)
 Metaspace       used 98590K, committed 99648K, reserved 557056K
  class space    used 13822K, committed 14272K, reserved 425984K
}
Event: 194.013 GC heap before
{Heap before GC invocations=84 (full 0):
 garbage-first heap   total 295936K, used 177642K [0x0000000080000000, 0x0000000100000000)
  region size 1024K, 14 young (14336K), 10 survivors (10240K)
 Metaspace       used 98966K, committed 100032K, reserved 557056K
  class space    used 13902K, committed 14400K, reserved 425984K
}
Event: 194.048 GC heap after
{Heap after GC invocations=85 (full 0):
 garbage-first heap   total 295936K, used 174931K [0x0000000080000000, 0x0000000100000000)
  region size 1024K, 1 young (1024K), 1 survivors (1024K)
 Metaspace       used 98966K, committed 100032K, reserved 557056K
  class space    used 13902K, committed 14400K, reserved 425984K
}
Event: 198.296 GC heap before
{Heap before GC invocations=85 (full 0):
 garbage-first heap   total 295936K, used 237395K [0x0000000080000000, 0x0000000100000000)
  region size 1024K, 62 young (63488K), 1 survivors (1024K)
 Metaspace       used 101962K, committed 103040K, reserved 557056K
  class space    used 14283K, committed 14784K, reserved 425984K
}
Event: 198.322 GC heap after
{Heap after GC invocations=86 (full 0):
 garbage-first heap   total 295936K, used 181358K [0x0000000080000000, 0x0000000100000000)
  region size 1024K, 8 young (8192K), 8 survivors (8192K)
 Metaspace       used 101962K, committed 103040K, reserved 557056K
  class space    used 14283K, committed 14784K, reserved 425984K
}
Event: 201.265 GC heap before
{Heap before GC invocations=86 (full 0):
 garbage-first heap   total 295936K, used 239726K [0x0000000080000000, 0x0000000100000000)
  region size 1024K, 65 young (66560K), 8 survivors (8192K)
 Metaspace       used 102316K, committed 103424K, reserved 557056K
  class space    used 14299K, committed 14784K, reserved 425984K
}
Event: 201.420 GC heap after
{Heap after GC invocations=87 (full 0):
 garbage-first heap   total 295936K, used 187493K [0x0000000080000000, 0x0000000100000000)
  region size 1024K, 6 young (6144K), 6 survivors (6144K)
 Metaspace       used 102316K, committed 103424K, reserved 557056K
  class space    used 14299K, committed 14784K, reserved 425984K
}
Event: 205.091 GC heap before
{Heap before GC invocations=87 (full 0):
 garbage-first heap   total 295936K, used 241765K [0x0000000080000000, 0x0000000100000000)
  region size 1024K, 60 young (61440K), 6 survivors (6144K)
 Metaspace       used 103171K, committed 104384K, reserved 557056K
  class space    used 14397K, committed 14912K, reserved 425984K
}
Event: 205.119 GC heap after
{Heap after GC invocations=88 (full 0):
 garbage-first heap   total 295936K, used 190464K [0x0000000080000000, 0x0000000100000000)
  region size 1024K, 3 young (3072K), 3 survivors (3072K)
 Metaspace       used 103171K, committed 104384K, reserved 557056K
  class space    used 14397K, committed 14912K, reserved 425984K
}
Event: 209.070 GC heap before
{Heap before GC invocations=89 (full 0):
 garbage-first heap   total 324608K, used 242688K [0x0000000080000000, 0x0000000100000000)
  region size 1024K, 55 young (56320K), 3 survivors (3072K)
 Metaspace       used 103411K, committed 104576K, reserved 557056K
  class space    used 14444K, committed 14976K, reserved 425984K
}
Event: 209.089 GC heap after
{Heap after GC invocations=90 (full 0):
 garbage-first heap   total 324608K, used 195584K [0x0000000080000000, 0x0000000100000000)
  region size 1024K, 7 young (7168K), 7 survivors (7168K)
 Metaspace       used 103411K, committed 104576K, reserved 557056K
  class space    used 14444K, committed 14976K, reserved 425984K
}

