# JRE version: OpenJDK Runtime Environment Microsoft-8035246 (17.0.8+7) (build 17.0.8+7-LTS)
# Java VM: OpenJDK 64-Bit Server VM Microsoft-8035246 (17.0.8+7-LTS, mixed mode, sharing, tiered, compressed oops, compressed class ptrs, g1 gc, windows-amd64)
GC Precious Log:
 CPUs: 4 total, 4 available
 Memory: 8107M
 Large Page Support: Disabled
 NUMA Support: Disabled
 Compressed Oops: Enabled (32-bit)
 Heap Region Size: 1M
 Heap Min Capacity: 8M
 Heap Initial Capacity: 128M
 Heap Max Capacity: 2G
 Pre-touch: Disabled
 Parallel Workers: 4
 Concurrent Workers: 1
 Concurrent Refinement Workers: 4
 Periodic GC: Disabled
Heap:
 garbage-first heap   total 427008K, used 283899K [0x0000000080000000, 0x0000000100000000)
  region size 1024K, 100 young (102400K), 16 survivors (16384K)
 Metaspace       used 108587K, committed 109760K, reserved 557056K
  class space    used 15069K, committed 15616K, reserved 425984K
GC Heap History (20 events):
Event: 138.609 GC heap before
{Heap before GC invocations=67 (full 0):
 garbage-first heap   total 264192K, used 188755K [0x0000000080000000, 0x0000000100000000)
  region size 1024K, 54 young (55296K), 1 survivors (1024K)
 Metaspace       used 96345K, committed 97280K, reserved 557056K
  class space    used 13460K, committed 13888K, reserved 425984K
}
Event: 138.625 GC heap after
{Heap after GC invocations=68 (full 0):
 garbage-first heap   total 264192K, used 143889K [0x0000000080000000, 0x0000000100000000)
  region size 1024K, 7 young (7168K), 7 survivors (7168K)
 Metaspace       used 96345K, committed 97280K, reserved 557056K
  class space    used 13460K, committed 13888K, reserved 425984K
}
Event: 138.818 GC heap before
{Heap before GC invocations=68 (full 0):
 garbage-first heap   total 264192K, used 149009K [0x0000000080000000, 0x0000000100000000)
  region size 1024K, 12 young (12288K), 7 survivors (7168K)
 Metaspace       used 96738K, committed 97728K, reserved 557056K
  class space    used 13497K, committed 13952K, reserved 425984K
}
Event: 138.832 GC heap after
{Heap after GC invocations=69 (full 0):
 garbage-first heap   total 264192K, used 143830K [0x0000000080000000, 0x0000000100000000)
  region size 1024K, 1 young (1024K), 1 survivors (1024K)
 Metaspace       used 96738K, committed 97728K, reserved 557056K
  class space    used 13497K, committed 13952K, reserved 425984K
}
Event: 140.776 GC heap before
{Heap before GC invocations=69 (full 0):
 garbage-first heap   total 264192K, used 196054K [0x0000000080000000, 0x0000000100000000)
  region size 1024K, 52 young (53248K), 1 survivors (1024K)
 Metaspace       used 99328K, committed 100288K, reserved 557056K
  class space    used 13892K, committed 14336K, reserved 425984K
}
Event: 140.784 GC heap after
{Heap after GC invocations=70 (full 0):
 garbage-first heap   total 264192K, used 145647K [0x0000000080000000, 0x0000000100000000)
  region size 1024K, 3 young (3072K), 3 survivors (3072K)
 Metaspace       used 99328K, committed 100288K, reserved 557056K
  class space    used 13892K, committed 14336K, reserved 425984K
}
Event: 142.353 GC heap before
{Heap before GC invocations=71 (full 0):
 garbage-first heap   total 268288K, used 199919K [0x0000000080000000, 0x0000000100000000)
  region size 1024K, 56 young (57344K), 3 survivors (3072K)
 Metaspace       used 101335K, committed 102272K, reserved 557056K
  class space    used 14149K, committed 14592K, reserved 425984K
}
Event: 142.370 GC heap after
{Heap after GC invocations=72 (full 0):
 garbage-first heap   total 268288K, used 150908K [0x0000000080000000, 0x0000000100000000)
  region size 1024K, 7 young (7168K), 7 survivors (7168K)
 Metaspace       used 101335K, committed 102272K, reserved 557056K
  class space    used 14149K, committed 14592K, reserved 425984K
}
Event: 142.479 GC heap before
{Heap before GC invocations=72 (full 0):
 garbage-first heap   total 268288K, used 157052K [0x0000000080000000, 0x0000000100000000)
  region size 1024K, 13 young (13312K), 7 survivors (7168K)
 Metaspace       used 101477K, committed 102400K, reserved 557056K
  class space    used 14165K, committed 14592K, reserved 425984K
}
Event: 142.498 GC heap after
{Heap after GC invocations=73 (full 0):
 garbage-first heap   total 268288K, used 151676K [0x0000000080000000, 0x0000000100000000)
  region size 1024K, 2 young (2048K), 2 survivors (2048K)
 Metaspace       used 101477K, committed 102400K, reserved 557056K
  class space    used 14165K, committed 14592K, reserved 425984K
}
Event: 143.243 GC heap before
{Heap before GC invocations=73 (full 0):
 garbage-first heap   total 268288K, used 206972K [0x0000000080000000, 0x0000000100000000)
  region size 1024K, 56 young (57344K), 2 survivors (2048K)
 Metaspace       used 101570K, committed 102464K, reserved 557056K
  class space    used 14172K, committed 14592K, reserved 425984K
}
Event: 143.264 GC heap after
{Heap after GC invocations=74 (full 0):
 garbage-first heap   total 268288K, used 161062K [0x0000000080000000, 0x0000000100000000)
  region size 1024K, 7 young (7168K), 7 survivors (7168K)
 Metaspace       used 101570K, committed 102464K, reserved 557056K
  class space    used 14172K, committed 14592K, reserved 425984K
}
Event: 145.352 GC heap before
{Heap before GC invocations=74 (full 0):
 garbage-first heap   total 268288K, used 213286K [0x0000000080000000, 0x0000000100000000)
  region size 1024K, 57 young (58368K), 7 survivors (7168K)
 Metaspace       used 102019K, committed 103040K, reserved 557056K
  class space    used 14221K, committed 14656K, reserved 425984K
}
Event: 145.384 GC heap after
{Heap after GC invocations=75 (full 0):
 garbage-first heap   total 268288K, used 172032K [0x0000000080000000, 0x0000000100000000)
  region size 1024K, 8 young (8192K), 8 survivors (8192K)
 Metaspace       used 102019K, committed 103040K, reserved 557056K
  class space    used 14221K, committed 14656K, reserved 425984K
}
Event: 147.449 GC heap before
{Heap before GC invocations=75 (full 0):
 garbage-first heap   total 268288K, used 216064K [0x0000000080000000, 0x0000000100000000)
  region size 1024K, 51 young (52224K), 8 survivors (8192K)
 Metaspace       used 103754K, committed 104768K, reserved 557056K
  class space    used 14458K, committed 14912K, reserved 425984K
}
Event: 147.496 GC heap after
{Heap after GC invocations=76 (full 0):
 garbage-first heap   total 268288K, used 179558K [0x0000000080000000, 0x0000000100000000)
  region size 1024K, 7 young (7168K), 7 survivors (7168K)
 Metaspace       used 103754K, committed 104768K, reserved 557056K
  class space    used 14458K, committed 14912K, reserved 425984K
}
Event: 149.450 GC heap before
{Heap before GC invocations=76 (full 0):
 garbage-first heap   total 268288K, used 219494K [0x0000000080000000, 0x0000000100000000)
  region size 1024K, 46 young (47104K), 7 survivors (7168K)
 Metaspace       used 106496K, committed 107584K, reserved 557056K
  class space    used 14856K, committed 15360K, reserved 425984K
}
Event: 149.488 GC heap after
{Heap after GC invocations=77 (full 0):
 garbage-first heap   total 427008K, used 183969K [0x0000000080000000, 0x0000000100000000)
  region size 1024K, 4 young (4096K), 4 survivors (4096K)
 Metaspace       used 106496K, committed 107584K, reserved 557056K
  class space    used 14856K, committed 15360K, reserved 425984K
}
Event: 157.092 GC heap before
{Heap before GC invocations=77 (full 0):
 garbage-first heap   total 427008K, used 314017K [0x0000000080000000, 0x0000000100000000)
  region size 1024K, 132 young (135168K), 4 survivors (4096K)
 Metaspace       used 108240K, committed 109376K, reserved 557056K
  class space    used 15022K, committed 15552K, reserved 425984K
}
Event: 157.240 GC heap after
{Heap after GC invocations=78 (full 0):
 garbage-first heap   total 427008K, used 195835K [0x0000000080000000, 0x0000000100000000)
  region size 1024K, 16 young (16384K), 16 survivors (16384K)
 Metaspace       used 108240K, committed 109376K, reserved 557056K
  class space    used 15022K, committed 15552K, reserved 425984K
}

