# JRE version: OpenJDK Runtime Environment Microsoft-8035246 (17.0.8+7) (build 17.0.8+7-LTS)
# Java VM: OpenJDK 64-Bit Server VM Microsoft-8035246 (17.0.8+7-LTS, mixed mode, sharing, tiered, compressed oops, compressed class ptrs, g1 gc, windows-amd64)
GC Precious Log:
 CPUs: 4 total, 4 available
 Memory: 8107M
 Large Page Support: Disabled
 NUMA Support: Disabled
 Compressed Oops: Enabled (32-bit)
 Heap Region Size: 1M
 Heap Min Capacity: 8M
 Heap Initial Capacity: 128M
 Heap Max Capacity: 2G
 Pre-touch: Disabled
 Parallel Workers: 4
 Concurrent Workers: 1
 Concurrent Refinement Workers: 4
 Periodic GC: Disabled
Heap:
 garbage-first heap   total 515072K, used 278418K [0x0000000080000000, 0x0000000100000000)
  region size 1024K, 40 young (40960K), 20 survivors (20480K)
 Metaspace       used 118126K, committed 119680K, reserved 557056K
  class space    used 16178K, committed 16896K, reserved 425984K
GC Heap History (20 events):
Event: 126.876 GC heap before
{Heap before GC invocations=66 (full 0):
 garbage-first heap   total 214016K, used 180760K [0x0000000080000000, 0x0000000100000000)
  region size 1024K, 32 young (32768K), 4 survivors (4096K)
 Metaspace       used 97080K, committed 98240K, reserved 557056K
  class space    used 13649K, committed 14208K, reserved 425984K
}
Event: 126.890 GC heap after
{Heap after GC invocations=67 (full 0):
 garbage-first heap   total 214016K, used 154947K [0x0000000080000000, 0x0000000100000000)
  region size 1024K, 4 young (4096K), 4 survivors (4096K)
 Metaspace       used 97080K, committed 98240K, reserved 557056K
  class space    used 13649K, committed 14208K, reserved 425984K
}
Event: 127.959 GC heap before
{Heap before GC invocations=67 (full 0):
 garbage-first heap   total 214016K, used 182595K [0x0000000080000000, 0x0000000100000000)
  region size 1024K, 31 young (31744K), 4 survivors (4096K)
 Metaspace       used 97287K, committed 98432K, reserved 557056K
  class space    used 13671K, committed 14208K, reserved 425984K
}
Event: 127.975 GC heap after
{Heap after GC invocations=68 (full 0):
 garbage-first heap   total 214016K, used 159392K [0x0000000080000000, 0x0000000100000000)
  region size 1024K, 4 young (4096K), 4 survivors (4096K)
 Metaspace       used 97287K, committed 98432K, reserved 557056K
  class space    used 13671K, committed 14208K, reserved 425984K
}
Event: 128.841 GC heap before
{Heap before GC invocations=69 (full 0):
 garbage-first heap   total 283648K, used 177824K [0x0000000080000000, 0x0000000100000000)
  region size 1024K, 22 young (22528K), 4 survivors (4096K)
 Metaspace       used 97308K, committed 98432K, reserved 557056K
  class space    used 13674K, committed 14208K, reserved 425984K
}
Event: 128.857 GC heap after
{Heap after GC invocations=70 (full 0):
 garbage-first heap   total 283648K, used 163517K [0x0000000080000000, 0x0000000100000000)
  region size 1024K, 3 young (3072K), 3 survivors (3072K)
 Metaspace       used 97308K, committed 98432K, reserved 557056K
  class space    used 13674K, committed 14208K, reserved 425984K
}
Event: 129.149 GC heap before
{Heap before GC invocations=70 (full 0):
 garbage-first heap   total 283648K, used 173757K [0x0000000080000000, 0x0000000100000000)
  region size 1024K, 13 young (13312K), 3 survivors (3072K)
 Metaspace       used 97313K, committed 98432K, reserved 557056K
  class space    used 13674K, committed 14208K, reserved 425984K
}
Event: 129.166 GC heap after
{Heap after GC invocations=71 (full 0):
 garbage-first heap   total 515072K, used 165231K [0x0000000080000000, 0x0000000100000000)
  region size 1024K, 2 young (2048K), 2 survivors (2048K)
 Metaspace       used 97313K, committed 98432K, reserved 557056K
  class space    used 13674K, committed 14208K, reserved 425984K
}
Event: 146.763 GC heap before
{Heap before GC invocations=71 (full 0):
 garbage-first heap   total 515072K, used 376175K [0x0000000080000000, 0x0000000100000000)
  region size 1024K, 207 young (211968K), 2 survivors (2048K)
 Metaspace       used 108611K, committed 109888K, reserved 557056K
  class space    used 15130K, committed 15744K, reserved 425984K
}
Event: 146.831 GC heap after
{Heap after GC invocations=72 (full 0):
 garbage-first heap   total 515072K, used 197399K [0x0000000080000000, 0x0000000100000000)
  region size 1024K, 26 young (26624K), 26 survivors (26624K)
 Metaspace       used 108611K, committed 109888K, reserved 557056K
  class space    used 15130K, committed 15744K, reserved 425984K
}
Event: 154.346 GC heap before
{Heap before GC invocations=72 (full 0):
 garbage-first heap   total 515072K, used 371479K [0x0000000080000000, 0x0000000100000000)
  region size 1024K, 197 young (201728K), 26 survivors (26624K)
 Metaspace       used 110190K, committed 111488K, reserved 557056K
  class space    used 15270K, committed 15872K, reserved 425984K
}
Event: 154.426 GC heap after
{Heap after GC invocations=73 (full 0):
 garbage-first heap   total 515072K, used 211225K [0x0000000080000000, 0x0000000100000000)
  region size 1024K, 15 young (15360K), 15 survivors (15360K)
 Metaspace       used 110190K, committed 111488K, reserved 557056K
  class space    used 15270K, committed 15872K, reserved 425984K
}
Event: 163.128 GC heap before
{Heap before GC invocations=73 (full 0):
 garbage-first heap   total 515072K, used 398617K [0x0000000080000000, 0x0000000100000000)
  region size 1024K, 186 young (190464K), 15 survivors (15360K)
 Metaspace       used 110671K, committed 112064K, reserved 557056K
  class space    used 15338K, committed 16000K, reserved 425984K
}
Event: 163.196 GC heap after
{Heap after GC invocations=74 (full 0):
 garbage-first heap   total 515072K, used 227299K [0x0000000080000000, 0x0000000100000000)
  region size 1024K, 17 young (17408K), 17 survivors (17408K)
 Metaspace       used 110671K, committed 112064K, reserved 557056K
  class space    used 15338K, committed 16000K, reserved 425984K
}
Event: 169.335 GC heap before
{Heap before GC invocations=74 (full 0):
 garbage-first heap   total 515072K, used 414691K [0x0000000080000000, 0x0000000100000000)
  region size 1024K, 185 young (189440K), 17 survivors (17408K)
 Metaspace       used 111134K, committed 112576K, reserved 557056K
  class space    used 15396K, committed 16064K, reserved 425984K
}
Event: 169.397 GC heap after
{Heap after GC invocations=75 (full 0):
 garbage-first heap   total 515072K, used 239075K [0x0000000080000000, 0x0000000100000000)
  region size 1024K, 13 young (13312K), 13 survivors (13312K)
 Metaspace       used 111134K, committed 112576K, reserved 557056K
  class space    used 15396K, committed 16064K, reserved 425984K
}
Event: 174.381 GC heap before
{Heap before GC invocations=75 (full 0):
 garbage-first heap   total 515072K, used 422371K [0x0000000080000000, 0x0000000100000000)
  region size 1024K, 180 young (184320K), 13 survivors (13312K)
 Metaspace       used 111988K, committed 113472K, reserved 557056K
  class space    used 15436K, committed 16128K, reserved 425984K
}
Event: 174.428 GC heap after
{Heap after GC invocations=76 (full 0):
 garbage-first heap   total 515072K, used 247779K [0x0000000080000000, 0x0000000100000000)
  region size 1024K, 9 young (9216K), 9 survivors (9216K)
 Metaspace       used 111988K, committed 113472K, reserved 557056K
  class space    used 15436K, committed 16128K, reserved 425984K
}
Event: 354.564 GC heap before
{Heap before GC invocations=76 (full 0):
 garbage-first heap   total 515072K, used 424931K [0x0000000080000000, 0x0000000100000000)
  region size 1024K, 175 young (179200K), 9 survivors (9216K)
 Metaspace       used 118004K, committed 119552K, reserved 557056K
  class space    used 16160K, committed 16896K, reserved 425984K
}
Event: 354.612 GC heap after
{Heap after GC invocations=77 (full 0):
 garbage-first heap   total 515072K, used 258962K [0x0000000080000000, 0x0000000100000000)
  region size 1024K, 20 young (20480K), 20 survivors (20480K)
 Metaspace       used 118004K, committed 119552K, reserved 557056K
  class space    used 16160K, committed 16896K, reserved 425984K
}

